<?xml version="1.0" encoding="UTF-8"?>
<!-- Generated by org.testng.reporters.JUnitReportReporter -->
<testsuite hostname="LAPTOP-TB1PJRCN" failures="0" tests="2" name="Selenium_Basics.SeleniumTest" time="12.990" errors="0" timestamp="2025-08-28T23:07:47 IST" skipped="0">
  <testcase classname="Selenium_Basics.SeleniumTest" name="test_OpenVWOLoginPage" time="12.937"/>
  <testcase classname="Selenium_Basics.SeleniumTest" name="test_Code" time="0.053"/>
</testsuite> <!-- Selenium_Basics.SeleniumTest -->
