<?xml version="1.0" encoding="UTF-8"?>
<!-- Generated by org.testng.reporters.JUnitReportReporter -->
<testsuite hostname="LAPTOP-TB1PJRCN" failures="0" tests="1" name="Selenium_Basics.Project1" time="14.215" errors="0" timestamp="2025-08-29T00:22:10 IST" skipped="0">
  <testcase classname="Selenium_Basics.Project1" name="test_verify_text" time="14.215"/>
</testsuite> <!-- Selenium_Basics.Project1 -->
