<?xml version="1.0" encoding="UTF-8"?>
<!-- Generated by org.testng.reporters.JUnitReportReporter -->
<testsuite hostname="LAPTOP-TB1PJRCN" failures="0" tests="1" name="Selenium_Basics.Selenium_navigation" time="6.105" errors="0" timestamp="2025-08-29T00:15:00 IST" skipped="0">
  <testcase classname="Selenium_Basics.Selenium_navigation" name="Test" time="6.105"/>
</testsuite> <!-- Selenium_Basics.Selenium_navigation -->
