<?xml version="1.0" encoding="UTF-8"?>
<!-- Generated by org.testng.reporters.JUnitReportReporter -->
<testsuite hostname="LAPTOP-TB1PJRCN" failures="0" tests="2" name="RestAssuredProject.RestAssuredProject1.HTTPRequest" time="2.669" errors="0" timestamp="2025-09-11T20:26:28 IST" skipped="0">
  <testcase classname="RestAssuredProject.RestAssuredProject1.HTTPRequest" name="getUser" time="0.229"/>
  <testcase classname="RestAssuredProject.RestAssuredProject1.HTTPRequest" name="createUser" time="2.440"/>
</testsuite> <!-- RestAssuredProject.RestAssuredProject1.HTTPRequest -->
